#
# There is insufficient memory for the Java Runtime Environment to continue.
# Native memory allocation (malloc) failed to allocate 175136 bytes for Chunk::new
# Possible reasons:
#   The system is out of physical RAM or swap space
#   The process is running with CompressedOops enabled, and the Java Heap may be blocking the growth of the native heap
# Possible solutions:
#   Reduce memory load on the system
#   Increase physical memory or swap space
#   Check if swap backing store is full
#   Decrease Java heap size (-Xmx/-Xms)
#   Decrease number of Java threads
#   Decrease Java thread stack sizes (-Xss)
#   Set larger code cache with -XX:ReservedCodeCacheSize=
#   JVM is running with Zero Based Compressed Oops mode in which the Java heap is
#     placed in the first 32GB address space. The Java Heap base address is the
#     maximum limit for the native heap growth. Please use -XX:HeapBaseMinAddress
#     to set the Java Heap base and to place the Java Heap above 32GB virtual address.
# This output file may be truncated or incomplete.
#
#  Out of Memory Error (allocation.cpp:389), pid=216984, tid=0x0000000000036908
#
# JRE version: OpenJDK Runtime Environment (8.0_292-b10) (build 1.8.0_292-b10)
# Java VM: OpenJDK 64-Bit Server VM (25.292-b10 mixed mode windows-amd64 compressed oops)
# Failed to write core dump. Minidumps are not enabled by default on client versions of Windows
#

---------------  T H R E A D  ---------------

Current thread (0x000001a2fd74e000):  JavaThread "C2 CompilerThread6" daemon [_thread_in_native, id=223496, stack(0x0000000144f00000,0x0000000145000000)]

Stack: [0x0000000144f00000,0x0000000145000000]
[error occurred during error reporting (printing stack bounds), id 0xc0000005]

Native frames: (J=compiled Java code, j=interpreted, Vv=VM code, C=native code)


Current CompileTask:
C2:    252  533       4       jdk.internal.org.objectweb.asm.Item::set (143 bytes)


---------------  P R O C E S S  ---------------

Java Threads: ( => current thread )
  0x000001a2fd7fa800 JavaThread "Service Thread" daemon [_thread_blocked, id=221944, stack(0x0000000145500000,0x0000000145600000)]
  0x000001a2fd78d000 JavaThread "C1 CompilerThread11" daemon [_thread_blocked, id=222812, stack(0x0000000145400000,0x0000000145500000)]
  0x000001a2fd78e000 JavaThread "C1 CompilerThread10" daemon [_thread_blocked, id=222364, stack(0x0000000145300000,0x0000000145400000)]
  0x000001a2fd78a800 JavaThread "C1 CompilerThread9" daemon [_thread_blocked, id=224236, stack(0x0000000145200000,0x0000000145300000)]
  0x000001a2fd78a000 JavaThread "C1 CompilerThread8" daemon [_thread_blocked, id=224024, stack(0x0000000145100000,0x0000000145200000)]
  0x000001a2fd777800 JavaThread "C2 CompilerThread7" daemon [_thread_blocked, id=223176, stack(0x0000000145000000,0x0000000145100000)]
=>0x000001a2fd74e000 JavaThread "C2 CompilerThread6" daemon [_thread_in_native, id=223496, stack(0x0000000144f00000,0x0000000145000000)]
  0x000001a2fd724000 JavaThread "C2 CompilerThread5" daemon [_thread_blocked, id=224216, stack(0x0000000144e00000,0x0000000144f00000)]
  0x000001a2fd715800 JavaThread "C2 CompilerThread4" daemon [_thread_blocked, id=223956, stack(0x0000000144d00000,0x0000000144e00000)]
  0x000001a2fd712800 JavaThread "C2 CompilerThread3" daemon [_thread_blocked, id=222044, stack(0x0000000144c00000,0x0000000144d00000)]
  0x000001a2fd70d800 JavaThread "C2 CompilerThread2" daemon [_thread_blocked, id=223336, stack(0x0000000144b00000,0x0000000144c00000)]
  0x000001a2fd70c800 JavaThread "C2 CompilerThread1" daemon [_thread_blocked, id=218172, stack(0x0000000144a00000,0x0000000144b00000)]
  0x000001a2fd711800 JavaThread "C2 CompilerThread0" daemon [_thread_blocked, id=217328, stack(0x0000000144900000,0x0000000144a00000)]
  0x000001a2fd6b3000 JavaThread "Attach Listener" daemon [_thread_blocked, id=223984, stack(0x0000000144800000,0x0000000144900000)]
  0x000001a2fd6b0000 JavaThread "Signal Dispatcher" daemon [_thread_blocked, id=222524, stack(0x0000000144700000,0x0000000144800000)]
  0x000001a2fa97a800 JavaThread "Finalizer" daemon [_thread_blocked, id=221568, stack(0x0000000144600000,0x0000000144700000)]
  0x000001a2fd690800 JavaThread "Reference Handler" daemon [_thread_blocked, id=223824, stack(0x0000000144500000,0x0000000144600000)]
  0x000001a2f52a7800 JavaThread "main" [_thread_in_vm, id=219940, stack(0x0000000143600000,0x0000000143700000)]

Other Threads:
  0x000001a2fa961000 VMThread [stack: 0x0000000144400000,0x0000000144500000] [id=224160]
  0x000001a2fd7df000 WatcherThread [stack: 0x0000000145600000,0x0000000145700000] [id=223284]

VM state:not at safepoint (normal execution)

VM Mutex/Monitor currently owned by a thread: None

heap address: 0x00000005c1200000, size: 8174 MB, Compressed Oops mode: Zero based, Oop shift amount: 3
Narrow klass base: 0x0000000000000000, Narrow klass shift: 3
Compressed class space size: 1073741824 Address: 0x00000007c0000000

Heap:
 PSYoungGen      total 153088K, used 33130K [0x0000000715b80000, 0x0000000720600000, 0x00000007c0000000)
  eden space 131584K, 25% used [0x0000000715b80000,0x0000000717bdaa20,0x000000071dc00000)
  from space 21504K, 0% used [0x000000071f100000,0x000000071f100000,0x0000000720600000)
  to   space 21504K, 0% used [0x000000071dc00000,0x000000071dc00000,0x000000071f100000)
 ParOldGen       total 349696K, used 0K [0x00000005c1200000, 0x00000005d6780000, 0x0000000715b80000)
  object space 349696K, 0% used [0x00000005c1200000,0x00000005c1200000,0x00000005d6780000)
 Metaspace       used 7337K, capacity 7614K, committed 7680K, reserved 1056768K
  class space    used 926K, capacity 1022K, committed 1024K, reserved 1048576K

Card table byte_map: [0x000001a2f73e0000,0x000001a2f83e0000] byte_map_base: 0x000001a2f45d7000

Marking Bits: (ParMarkBitMap*) 0x000000007235f7f0
 Begin Bits: [0x000001a28f000000, 0x000001a296fb8000)
 End Bits:   [0x000001a296fb8000, 0x000001a29ef70000)

Polling page: 0x000001a2f5420000

CodeCache: size=245760Kb used=4041Kb max_used=4044Kb free=241718Kb
 bounds [0x000001a280000000, 0x000001a280400000, 0x000001a28f000000]
 total_blobs=843 nmethods=537 adapters=217
 compilation: enabled

Compilation events (10 events):
Event: 0.249 Thread 0x000001a2fd74e000  533       4       jdk.internal.org.objectweb.asm.Item::set (143 bytes)
Event: 0.250 Thread 0x000001a2fd78a000  534       3       java.lang.StringBuffer::<init> (6 bytes)
Event: 0.250 Thread 0x000001a2fd78a000 nmethod 534 0x000001a2803f03d0 code [0x000001a2803f0540, 0x000001a2803f07f8]
Event: 0.250 Thread 0x000001a2fd715800 nmethod 532 0x000001a2803f3650 code [0x000001a2803f37a0, 0x000001a2803f38e8]
Event: 0.250 Thread 0x000001a2fd78d000  535       3       java.lang.invoke.MemberName$Factory::resolveOrFail (52 bytes)
Event: 0.250 Thread 0x000001a2fd78a800  536   !   3       java.lang.invoke.MemberName$Factory::resolve (145 bytes)
Event: 0.250 Thread 0x000001a2fd78e000  538       3       java.lang.invoke.MemberName::access$002 (7 bytes)
Event: 0.250 Thread 0x000001a2fd78e000 nmethod 538 0x000001a2803f2ed0 code [0x000001a2803f3020, 0x000001a2803f3178]
Event: 0.251 Thread 0x000001a2fd78d000 nmethod 535 0x000001a2803f20d0 code [0x000001a2803f22a0, 0x000001a2803f2ba0]
Event: 0.251 Thread 0x000001a2fd78a800 nmethod 536 0x000001a2803f1250 code [0x000001a2803f1440, 0x000001a2803f1c90]

GC Heap History (0 events):
No events

Deoptimization events (8 events):
Event: 0.151 Thread 0x000001a2f52a7800 Uncommon trap: reason=unstable_if action=reinterpret pc=0x000001a28035a564 method=sun.nio.cs.UTF_8$Decoder.decodeArrayLoop(Ljava/nio/ByteBuffer;Ljava/nio/CharBuffer;)Ljava/nio/charset/CoderResult; @ 84
Event: 0.160 Thread 0x000001a2f52a7800 Uncommon trap: reason=unstable_if action=reinterpret pc=0x000001a2803640a8 method=java.io.BufferedReader$1.hasNext()Z @ 24
Event: 0.206 Thread 0x000001a2f52a7800 Uncommon trap: reason=class_check action=maybe_recompile pc=0x000001a28035d030 method=java.util.HashMap.putVal(ILjava/lang/Object;Ljava/lang/Object;ZZ)Ljava/lang/Object; @ 91
Event: 0.206 Thread 0x000001a2f52a7800 Uncommon trap: reason=class_check action=maybe_recompile pc=0x000001a28035d030 method=java.util.HashMap.putVal(ILjava/lang/Object;Ljava/lang/Object;ZZ)Ljava/lang/Object; @ 91
Event: 0.207 Thread 0x000001a2f52a7800 Uncommon trap: reason=class_check action=maybe_recompile pc=0x000001a28035d030 method=java.util.HashMap.putVal(ILjava/lang/Object;Ljava/lang/Object;ZZ)Ljava/lang/Object; @ 91
Event: 0.207 Thread 0x000001a2f52a7800 Uncommon trap: reason=class_check action=maybe_recompile pc=0x000001a28035d030 method=java.util.HashMap.putVal(ILjava/lang/Object;Ljava/lang/Object;ZZ)Ljava/lang/Object; @ 91
Event: 0.207 Thread 0x000001a2f52a7800 Uncommon trap: reason=class_check action=maybe_recompile pc=0x000001a280346a70 method=java.util.HashMap.putVal(ILjava/lang/Object;Ljava/lang/Object;ZZ)Ljava/lang/Object; @ 91
Event: 0.214 Thread 0x000001a2f52a7800 Uncommon trap: reason=unstable_if action=reinterpret pc=0x000001a2803a24ac method=java.lang.String.replace(CC)Ljava/lang/String; @ 26

Classes redefined (0 events):
No events

Internal exceptions (10 events):
Event: 0.023 Thread 0x000001a2f52a7800 Exception <a 'java/lang/NoSuchMethodError': Method sun.misc.Unsafe.defineClass(Ljava/lang/String;[BII)Ljava/lang/Class; name or signature does not match> (0x0000000715b88288) thrown at [C:\wsjdk\Corretto8Src\installers\windows\zip\corretto-build\buildRoot
Event: 0.023 Thread 0x000001a2f52a7800 Exception <a 'java/lang/NoSuchMethodError': Method sun.misc.Unsafe.prefetchRead(Ljava/lang/Object;J)V name or signature does not match> (0x0000000715b88570) thrown at [C:\wsjdk\Corretto8Src\installers\windows\zip\corretto-build\buildRoot\src\hotspot\src\s
Event: 0.085 Thread 0x000001a2f52a7800 Exception <a 'sun/nio/fs/WindowsException'> (0x0000000715c685e0) thrown at [C:\wsjdk\Corretto8Src\installers\windows\zip\corretto-build\buildRoot\src\hotspot\src\share\vm\prims\jni.cpp, line 711]
Event: 0.086 Thread 0x000001a2f52a7800 Exception <a 'sun/nio/fs/WindowsException'> (0x0000000715c6c010) thrown at [C:\wsjdk\Corretto8Src\installers\windows\zip\corretto-build\buildRoot\src\hotspot\src\share\vm\prims\jni.cpp, line 711]
Event: 0.112 Thread 0x000001a2f52a7800 Exception <a 'java/lang/NoSuchFieldError': method resolution failed> (0x0000000715d4a960) thrown at [C:\wsjdk\Corretto8Src\installers\windows\zip\corretto-build\buildRoot\src\hotspot\src\share\vm\prims\methodHandles.cpp, line 1169]
Event: 0.113 Thread 0x000001a2f52a7800 Exception <a 'java/lang/NoSuchFieldError': method resolution failed> (0x0000000715d57988) thrown at [C:\wsjdk\Corretto8Src\installers\windows\zip\corretto-build\buildRoot\src\hotspot\src\share\vm\prims\methodHandles.cpp, line 1169]
Event: 0.211 Thread 0x000001a2f52a7800 Exception <a 'java/security/PrivilegedActionException'> (0x00000007176b5bf0) thrown at [C:\wsjdk\Corretto8Src\installers\windows\zip\corretto-build\buildRoot\src\hotspot\src\share\vm\prims\jvm.cpp, line 1523]
Event: 0.211 Thread 0x000001a2f52a7800 Exception <a 'java/security/PrivilegedActionException'> (0x00000007176b5fe8) thrown at [C:\wsjdk\Corretto8Src\installers\windows\zip\corretto-build\buildRoot\src\hotspot\src\share\vm\prims\jvm.cpp, line 1523]
Event: 0.212 Thread 0x000001a2f52a7800 Exception <a 'java/security/PrivilegedActionException'> (0x00000007176b94f0) thrown at [C:\wsjdk\Corretto8Src\installers\windows\zip\corretto-build\buildRoot\src\hotspot\src\share\vm\prims\jvm.cpp, line 1523]
Event: 0.212 Thread 0x000001a2f52a7800 Exception <a 'java/security/PrivilegedActionException'> (0x00000007176b98e8) thrown at [C:\wsjdk\Corretto8Src\installers\windows\zip\corretto-build\buildRoot\src\hotspot\src\share\vm\prims\jvm.cpp, line 1523]

Events (10 events):
Event: 0.250 loading class com/github/javaparser/utils/Utils
Event: 0.250 loading class com/github/javaparser/utils/Utils done
Event: 0.251 loading class com/github/javaparser/CommentsInserter
Event: 0.251 loading class com/github/javaparser/CommentsInserter done
Event: 0.251 loading class com/github/javaparser/GeneratedJavaParser$JJCalls
Event: 0.251 loading class com/github/javaparser/GeneratedJavaParser$JJCalls done
Event: 0.251 loading class com/github/javaparser/SimpleCharStream
Event: 0.251 loading class com/github/javaparser/SimpleCharStream done
Event: 0.252 loading class com/github/javaparser/GeneratedJavaParserTokenManager
Event: 0.252 loading class com/github/javaparser/GeneratedJavaParserTokenManager done


Dynamic libraries:
0x00007ff6cbbf0000 - 0x00007ff6cbc2a000 	C:\Users\ikang\.jdks\corretto-1.8.0_292\bin\java.exe
0x00007ffd35f50000 - 0x00007ffd36145000 	C:\Windows\SYSTEM32\ntdll.dll
0x00007ffd35970000 - 0x00007ffd35a2e000 	C:\Windows\System32\KERNEL32.DLL
0x00007ffd33700000 - 0x00007ffd339c8000 	C:\Windows\System32\KERNELBASE.dll
0x00007ffd34e20000 - 0x00007ffd34ecc000 	C:\Windows\System32\ADVAPI32.dll
0x00007ffd355c0000 - 0x00007ffd3565e000 	C:\Windows\System32\msvcrt.dll
0x00007ffd34f30000 - 0x00007ffd34fcb000 	C:\Windows\System32\sechost.dll
0x00007ffd34080000 - 0x00007ffd341aa000 	C:\Windows\System32\RPCRT4.dll
0x00007ffd35410000 - 0x00007ffd355b1000 	C:\Windows\System32\USER32.dll
0x00007ffd33ec0000 - 0x00007ffd33ee2000 	C:\Windows\System32\win32u.dll
0x00007ffd34fd0000 - 0x00007ffd34ffb000 	C:\Windows\System32\GDI32.dll
0x00007ffd339d0000 - 0x00007ffd33adb000 	C:\Windows\System32\gdi32full.dll
0x00007ffd33ae0000 - 0x00007ffd33b7d000 	C:\Windows\System32\msvcp_win.dll
0x00007ffd33b80000 - 0x00007ffd33c80000 	C:\Windows\System32\ucrtbase.dll
0x00007ffd32a70000 - 0x00007ffd32d0a000 	C:\Windows\WinSxS\amd64_microsoft.windows.common-controls_6595b64144ccf1df_6.0.19041.1110_none_60b5254171f9507e\COMCTL32.dll
0x00007ffd35130000 - 0x00007ffd35160000 	C:\Windows\System32\IMM32.DLL
0x00007ffcf38b0000 - 0x00007ffcf399f000 	C:\Users\ikang\.jdks\corretto-1.8.0_292\jre\bin\msvcr120.dll
0x00007ffcf5230000 - 0x00007ffcf52d6000 	C:\Users\ikang\.jdks\corretto-1.8.0_292\jre\bin\msvcp120.dll
0x0000000071b70000 - 0x00000000723de000 	C:\Users\ikang\.jdks\corretto-1.8.0_292\jre\bin\server\jvm.dll
0x00007ffd35df0000 - 0x00007ffd35df8000 	C:\Windows\System32\PSAPI.DLL
0x00007ffd2ec20000 - 0x00007ffd2ec29000 	C:\Windows\SYSTEM32\WSOCK32.dll
0x00007ffd35700000 - 0x00007ffd3576b000 	C:\Windows\System32\WS2_32.dll
0x00007ffd279a0000 - 0x00007ffd279c7000 	C:\Windows\SYSTEM32\WINMM.dll
0x00007ffd2ab70000 - 0x00007ffd2ab7a000 	C:\Windows\SYSTEM32\VERSION.dll
0x00007ffd2eca0000 - 0x00007ffd2ecaf000 	C:\Users\ikang\.jdks\corretto-1.8.0_292\jre\bin\verify.dll
0x00007ffd15ae0000 - 0x00007ffd15b09000 	C:\Users\ikang\.jdks\corretto-1.8.0_292\jre\bin\java.dll
0x00007ffd2eb90000 - 0x00007ffd2eba6000 	C:\Users\ikang\.jdks\corretto-1.8.0_292\jre\bin\zip.dll
0x00007ffd346e0000 - 0x00007ffd34e1f000 	C:\Windows\System32\SHELL32.dll
0x00007ffd31140000 - 0x00007ffd318d0000 	C:\Windows\SYSTEM32\windows.storage.dll
0x00007ffd35a30000 - 0x00007ffd35d85000 	C:\Windows\System32\combase.dll
0x00007ffd329d0000 - 0x00007ffd329fe000 	C:\Windows\SYSTEM32\Wldp.dll
0x00007ffd34630000 - 0x00007ffd346dd000 	C:\Windows\System32\SHCORE.dll
0x00007ffd34ed0000 - 0x00007ffd34f25000 	C:\Windows\System32\shlwapi.dll
0x00007ffd335b0000 - 0x00007ffd335cf000 	C:\Windows\SYSTEM32\profapi.dll
0x00007ffd163f0000 - 0x00007ffd1640a000 	C:\Users\ikang\.jdks\corretto-1.8.0_292\jre\bin\net.dll
0x00007ffd328a0000 - 0x00007ffd3290a000 	C:\Windows\system32\mswsock.dll
0x00007ffd11000000 - 0x00007ffd11012000 	C:\Users\ikang\.jdks\corretto-1.8.0_292\jre\bin\nio.dll

VM Arguments:
java_command: ../lib-jar/src2abs-0.1-jar-with-dependencies.jar pair method D:\DDPR_DATA\OneLine_Replacement\Raw\trn\617910a01f6e65eedfb6c745.buggy D:\DDPR_DATA\OneLine_Replacement\Raw\trn\617910a01f6e65eedfb6c745.fix E:\APR_data\data\Tufano_idiom10w\trn\617910a01f6e65eedfb6c745_buggy.txt.abs E:\APR_data\data\Tufano_idiom10w\trn\617910a01f6e65eedfb6c745_fix.txt.abs D:\DDPR\CodeAbstract\CA_Resource\idioms.10w
java_class_path (initial): ../lib-jar/src2abs-0.1-jar-with-dependencies.jar
Launcher Type: SUN_STANDARD

Environment Variables:
JAVA_HOME=C:\Users\ikang\.jdks\corretto-1.8.0_292
CLASSPATH=.;C:\Users\ikang\.jdks\corretto-1.8.0_292\lib\dt.jar;C:\Users\ikang\.jdks\corretto-1.8.0_292\lib\tools.jar;
PATH=C:\ProgramData\Anaconda3\envs\NN\lib\site-packages\pywin32_system32;C:\ProgramData\Anaconda3\envs\NN;C:\ProgramData\Anaconda3\envs\NN\Library\mingw-w64\bin;C:\ProgramData\Anaconda3\envs\NN\Library\usr\bin;C:\ProgramData\Anaconda3\envs\NN\Library\bin;C:\ProgramData\Anaconda3\envs\NN\Scripts;C:\ProgramData\Anaconda3\envs\NN\bin;C:\ProgramData\Anaconda3\condabin;C:\Program Files\NVIDIA GPU Computing Toolkit\CUDA\v10.1\bin;C:\Program Files\NVIDIA GPU Computing Toolkit\CUDA\v10.1\libnvvp;D:\VMware\bin;C:\Program Files\Python38\Scripts;C:\Program Files\Python38;C:\Program Files\NVIDIA GPU Computing Toolkit\CUDA\v10.2\bin;C:\Program Files\NVIDIA GPU Computing Toolkit\CUDA\v10.2\libnvvp;C:\Windows\system32;C:\Windows;C:\Windows\System32\Wbem;C:\Windows\System32\WindowsPowerShell\v1.0;C:\Windows\System32\OpenSSH;C:\Program Files (x86)\NVIDIA Corporation\PhysX\Common;C:\Program Files\NVIDIA Corporation\NVIDIA NGX;C:\Program Files\NVIDIA Corporation\NVIDIA NvDLISR;D:\Git\cmd;C:\Program Files\Microsoft VS Code\bin;C:\Program Files (x86)\Windows Kits\8.1\Windows Performance Toolkit;C:\Program Files\NVIDIA Corporation\Nsight Compute 2019.1;C:\Program Files (x86)\Bitvise SSH Client;C:\Users\ikang\.jdks\corretto-1.8.0_292\bin;C:\Users\ikang\.jdks\corretto-1.8.0_292\jre\bin;C:\Program Files\MySQL\MySQL Shell 8.0\bin;C:\Users\ikang\AppData\Local\Microsoft\WindowsApps;D:\Bandizip;E:\PyCharm\bin;.;E:\IntelliJ IDEA 2021.1.3\bin;.;D:\IntelliJ IDEA Community Edition 2020.2.4\bin;.;D:\PyCharm Community Edition 2021.2.2\bin;.;C:\Users\ikang\.jdks\corretto-1.8.0_292\bin;C:\Users\ikang\.jdks\corretto-1.8.0_292\jre\bin;.
USERNAME=ikang
OS=Windows_NT
PROCESSOR_IDENTIFIER=AMD64 Family 23 Model 113 Stepping 0, AuthenticAMD



---------------  S Y S T E M  ---------------

OS: Windows 10.0 , 64 bit Build 19041 (10.0.19041.1348)

CPU:total 16 (initial active 16) (16 cores per cpu, 1 threads per core) family 23 model 113 stepping 0, cmov, cx8, fxsr, mmx, sse, sse2, sse3, ssse3, sse4.1, sse4.2, popcnt, avx, avx2, aes, clmul, mmxext, 3dnowpref, lzcnt, sse4a, tsc, tscinvbit, tscinv, bmi1

Memory: 4k page, physical 33479016k(9938004k free), swap 63736160k(5368k free)

vm_info: OpenJDK 64-Bit Server VM (25.292-b10) for windows-amd64 JRE (1.8.0_292-b10), built on Apr 14 2021 23:06:53 by "Administrator" with MS VC++ 12.0 (VS2013)

time: Tue Dec 07 10:25:56 2021
timezone: ?D1¨²¡À¨º¡Á?¨º¡À??
elapsed time: 0.254463 seconds (0d 0h 0m 0s)

